#
# A fatal error has been detected by the Java Runtime Environment:
#
#  Internal Error (classFileParser.cpp:3494), pid=22308, tid=18108
#  Error: ShouldNotReachHere()
#
# JRE version: 6.0_45-b06
# Java VM: Java HotSpot(TM) Client VM (20.45-b01 mixed mode windows-x86 )
# If you would like to submit a bug report, please visit:
#   http://java.sun.com/webapps/bugreport/crash.jsp
#

---------------  T H R E A D  ---------------

Current thread (0x024d9c00):  JavaThread "Unknown thread" [_thread_in_vm, id=18108, stack(0x00200000,0x00250000)]

Stack: [0x00200000,0x00250000],  sp=0x0024f86c,  free space=318k
Native frames: (J=compiled Java code, j=interpreted, Vv=VM code, C=native code)
V  [jvm.dll+0x13490a]
V  [jvm.dll+0x12f3fb]
V  [jvm.dll+0x1676e]
V  [jvm.dll+0x17faf]
V  [jvm.dll+0x27565]
V  [jvm.dll+0x27da6]
V  [jvm.dll+0x28155]
V  [jvm.dll+0x281e9]
V  [jvm.dll+0x282ac]
V  [jvm.dll+0x2832a]
V  [jvm.dll+0x2840d]
V  [jvm.dll+0x286d9]
V  [jvm.dll+0x6cdd3]
V  [jvm.dll+0x6d1ac]
V  [jvm.dll+0xfa79c]
V  [jvm.dll+0x1190eb]
V  [jvm.dll+0x9f4e0]
C  [javaw.exe+0x1657]
C  [javaw.exe+0x1e2c]
C  [javaw.exe+0x8624]
C  [kernel32.dll+0x1338a]  BaseThreadInitThunk+0x12
C  [ntdll.dll+0x39a02]  RtlInitializeExceptionChain+0x63
C  [ntdll.dll+0x399d5]  RtlInitializeExceptionChain+0x36


---------------  P R O C E S S  ---------------

Java Threads: ( => current thread )

Other Threads:

=>0x024d9c00 (exited) JavaThread "Unknown thread" [_thread_in_vm, id=18108, stack(0x00200000,0x00250000)]

VM state:not at safepoint (not fully initialized)

VM Mutex/Monitor currently owned by a thread: None

Dynamic libraries:
0x00400000 - 0x00425000 	D:\work\jdk1.6.0_45_x86\bin\javaw.exe
0x77830000 - 0x779b0000 	C:\Windows\SysWOW64\ntdll.dll
0x752e0000 - 0x753f0000 	C:\Windows\syswow64\kernel32.dll
0x753f0000 - 0x75437000 	C:\Windows\syswow64\KERNELBASE.dll
0x759b0000 - 0x75a51000 	C:\Windows\syswow64\ADVAPI32.dll
0x75440000 - 0x754ec000 	C:\Windows\syswow64\msvcrt.dll
0x75b70000 - 0x75b89000 	C:\Windows\SysWOW64\sechost.dll
0x75890000 - 0x75980000 	C:\Windows\syswow64\RPCRT4.dll
0x75180000 - 0x751e0000 	C:\Windows\syswow64\SspiCli.dll
0x75170000 - 0x7517c000 	C:\Windows\syswow64\CRYPTBASE.dll
0x751e0000 - 0x752e0000 	C:\Windows\syswow64\USER32.dll
0x75a60000 - 0x75af0000 	C:\Windows\syswow64\GDI32.dll
0x76500000 - 0x7650a000 	C:\Windows\syswow64\LPK.dll
0x76230000 - 0x762cd000 	C:\Windows\syswow64\USP10.dll
0x762d0000 - 0x76330000 	C:\Windows\system32\IMM32.DLL
0x76350000 - 0x7641c000 	C:\Windows\syswow64\MSCTF.dll
0x7c340000 - 0x7c396000 	D:\work\jdk1.6.0_45_x86\jre\bin\msvcr71.dll
0x6d8e0000 - 0x6db90000 	D:\work\jdk1.6.0_45_x86\jre\bin\client\jvm.dll
0x738c0000 - 0x738f2000 	C:\Windows\system32\WINMM.dll
0x72c80000 - 0x72ccc000 	C:\Windows\system32\apphelp.dll
0x6d890000 - 0x6d89c000 	D:\work\jdk1.6.0_45_x86\jre\bin\verify.dll
0x6d3e0000 - 0x6d3ff000 	D:\work\jdk1.6.0_45_x86\jre\bin\java.dll
0x6d8d0000 - 0x6d8df000 	D:\work\jdk1.6.0_45_x86\jre\bin\zip.dll
0x77400000 - 0x77405000 	C:\Windows\system32\PSAPI.DLL

VM Arguments:
jvm_args: -Dfile.encoding=GBK -Xbootclasspath:F:\software\android-sdk-windows\platforms\android-19\android.jar 
java_command: com.example.firstapp.MainActivity
Launcher Type: SUN_STANDARD

Environment Variables:
JAVA_HOME=C:\Program Files\Java\jdk1.8.0_45
PATH=D:/tool/eclipse/jre/bin/server;D:/tool/eclipse/jre/bin;D:/tool/eclipse/jre/lib/amd64;C:\Program Files (x86)\Intel\iCLS Client\;C:\Program Files\Intel\iCLS Client\;C:\Windows\system32;C:\Windows;C:\Windows\System32\Wbem;C:\Windows\System32\WindowsPowerShell\v1.0\;C:\Program Files\Intel\Intel(R) Management Engine Components\DAL;C:\Program Files\Intel\Intel(R) Management Engine Components\IPT;C:\Program Files (x86)\Intel\Intel(R) Management Engine Components\DAL;C:\Program Files (x86)\Intel\Intel(R) Management Engine Components\IPT;C:\Program Files\TortoiseSVN\bin;C:\Program Files\MySQL\MySQL Server 5.5\bin;C:\Program Files\TortoiseGit\bin;C:\Program Files\Java\jdk1.8.0_45\bin;C:\Program Files\Java\jdk1.8.0_45\jre\bin;D:\tool\apache-maven-3.3.3\bin;D:\tool\apache-ant-1.6.5\bin;D:\tool\apache-maven-3.3.3\bin;D:\tool\apache-ant-1.6.5\bin;D:\tool\apache-maven-3.3.3\bin;C:\Program Files (x86)\Skype\Phone\;D:\tool\eclipse;
USERNAME=xiaoluzhou
OS=Windows_NT
PROCESSOR_IDENTIFIER=Intel64 Family 6 Model 60 Stepping 3, GenuineIntel



---------------  S Y S T E M  ---------------

OS: Windows 7 , 64 bit Build 7601 Service Pack 1

CPU:total 2 (2 cores per cpu, 1 threads per core) family 6 model 60 stepping 3, cmov, cx8, fxsr, mmx, sse, sse2, sse3, ssse3, sse4.1, sse4.2, popcnt

Memory: 4k page, physical 8305188k(2864376k free), swap 16608540k(9708300k free)

vm_info: Java HotSpot(TM) Client VM (20.45-b01) for windows-x86 JRE (1.6.0_45-b06), built on Mar 26 2013 13:40:03 by "java_re" with MS VC++ 7.1 (VS2003)

time: Fri Mar 18 15:09:56 2016
elapsed time: 0 seconds

